ARM GAS  C:\Users\ZHENGY~1\AppData\Local\Temp\cc4vT9Jx.s 			page 1


   1              		.cpu cortex-m4
   2              		.eabi_attribute 27, 1
   3              		.eabi_attribute 28, 1
   4              		.eabi_attribute 20, 1
   5              		.eabi_attribute 21, 1
   6              		.eabi_attribute 23, 3
   7              		.eabi_attribute 24, 1
   8              		.eabi_attribute 25, 1
   9              		.eabi_attribute 26, 1
  10              		.eabi_attribute 30, 1
  11              		.eabi_attribute 34, 1
  12              		.eabi_attribute 18, 4
  13              		.file	"stm32f4xx_it.c"
  14              		.text
  15              	.Ltext0:
  16              		.cfi_sections	.debug_frame
  17              		.section	.text.SysTick_Handler,"ax",%progbits
  18              		.align	1
  19              		.global	SysTick_Handler
  20              		.syntax unified
  21              		.thumb
  22              		.thumb_func
  23              		.fpu fpv4-sp-d16
  25              	SysTick_Handler:
  26              	.LFB126:
  27              		.file 1 "Src/stm32f4xx_it.c"
   1:Src/stm32f4xx_it.c **** /**
   2:Src/stm32f4xx_it.c ****   ******************************************************************************
   3:Src/stm32f4xx_it.c ****   * @file    stm32f4xx_it.c
   4:Src/stm32f4xx_it.c ****   * @brief   Interrupt Service Routines.
   5:Src/stm32f4xx_it.c ****   ******************************************************************************
   6:Src/stm32f4xx_it.c ****   *
   7:Src/stm32f4xx_it.c ****   * COPYRIGHT(c) 2017 STMicroelectronics
   8:Src/stm32f4xx_it.c ****   *
   9:Src/stm32f4xx_it.c ****   * Redistribution and use in source and binary forms, with or without modification,
  10:Src/stm32f4xx_it.c ****   * are permitted provided that the following conditions are met:
  11:Src/stm32f4xx_it.c ****   *   1. Redistributions of source code must retain the above copyright notice,
  12:Src/stm32f4xx_it.c ****   *      this list of conditions and the following disclaimer.
  13:Src/stm32f4xx_it.c ****   *   2. Redistributions in binary form must reproduce the above copyright notice,
  14:Src/stm32f4xx_it.c ****   *      this list of conditions and the following disclaimer in the documentation
  15:Src/stm32f4xx_it.c ****   *      and/or other materials provided with the distribution.
  16:Src/stm32f4xx_it.c ****   *   3. Neither the name of STMicroelectronics nor the names of its contributors
  17:Src/stm32f4xx_it.c ****   *      may be used to endorse or promote products derived from this software
  18:Src/stm32f4xx_it.c ****   *      without specific prior written permission.
  19:Src/stm32f4xx_it.c ****   *
  20:Src/stm32f4xx_it.c ****   * THIS SOFTWARE IS PROVIDED BY THE COPYRIGHT HOLDERS AND CONTRIBUTORS "AS IS"
  21:Src/stm32f4xx_it.c ****   * AND ANY EXPRESS OR IMPLIED WARRANTIES, INCLUDING, BUT NOT LIMITED TO, THE
  22:Src/stm32f4xx_it.c ****   * IMPLIED WARRANTIES OF MERCHANTABILITY AND FITNESS FOR A PARTICULAR PURPOSE ARE
  23:Src/stm32f4xx_it.c ****   * DISCLAIMED. IN NO EVENT SHALL THE COPYRIGHT HOLDER OR CONTRIBUTORS BE LIABLE
  24:Src/stm32f4xx_it.c ****   * FOR ANY DIRECT, INDIRECT, INCIDENTAL, SPECIAL, EXEMPLARY, OR CONSEQUENTIAL
  25:Src/stm32f4xx_it.c ****   * DAMAGES (INCLUDING, BUT NOT LIMITED TO, PROCUREMENT OF SUBSTITUTE GOODS OR
  26:Src/stm32f4xx_it.c ****   * SERVICES; LOSS OF USE, DATA, OR PROFITS; OR BUSINESS INTERRUPTION) HOWEVER
  27:Src/stm32f4xx_it.c ****   * CAUSED AND ON ANY THEORY OF LIABILITY, WHETHER IN CONTRACT, STRICT LIABILITY,
  28:Src/stm32f4xx_it.c ****   * OR TORT (INCLUDING NEGLIGENCE OR OTHERWISE) ARISING IN ANY WAY OUT OF THE USE
  29:Src/stm32f4xx_it.c ****   * OF THIS SOFTWARE, EVEN IF ADVISED OF THE POSSIBILITY OF SUCH DAMAGE.
  30:Src/stm32f4xx_it.c ****   *
  31:Src/stm32f4xx_it.c ****   ******************************************************************************
ARM GAS  C:\Users\ZHENGY~1\AppData\Local\Temp\cc4vT9Jx.s 			page 2


  32:Src/stm32f4xx_it.c ****   */
  33:Src/stm32f4xx_it.c **** /* Includes ------------------------------------------------------------------*/
  34:Src/stm32f4xx_it.c **** #include "stm32f4xx_hal.h"
  35:Src/stm32f4xx_it.c **** #include "stm32f4xx.h"
  36:Src/stm32f4xx_it.c **** #include "stm32f4xx_it.h"
  37:Src/stm32f4xx_it.c **** 
  38:Src/stm32f4xx_it.c **** /* USER CODE BEGIN 0 */
  39:Src/stm32f4xx_it.c **** 
  40:Src/stm32f4xx_it.c **** /* USER CODE END 0 */
  41:Src/stm32f4xx_it.c **** 
  42:Src/stm32f4xx_it.c **** /* External variables --------------------------------------------------------*/
  43:Src/stm32f4xx_it.c **** extern PCD_HandleTypeDef hpcd_USB_OTG_HS;
  44:Src/stm32f4xx_it.c **** 
  45:Src/stm32f4xx_it.c **** /******************************************************************************/
  46:Src/stm32f4xx_it.c **** /*            Cortex-M4 Processor Interruption and Exception Handlers         */ 
  47:Src/stm32f4xx_it.c **** /******************************************************************************/
  48:Src/stm32f4xx_it.c **** 
  49:Src/stm32f4xx_it.c **** /**
  50:Src/stm32f4xx_it.c **** * @brief This function handles System tick timer.
  51:Src/stm32f4xx_it.c **** */
  52:Src/stm32f4xx_it.c **** void SysTick_Handler(void)
  53:Src/stm32f4xx_it.c **** {
  28              		.loc 1 53 0
  29              		.cfi_startproc
  30              		@ args = 0, pretend = 0, frame = 0
  31              		@ frame_needed = 0, uses_anonymous_args = 0
  32 0000 08B5     		push	{r3, lr}
  33              	.LCFI0:
  34              		.cfi_def_cfa_offset 8
  35              		.cfi_offset 3, -8
  36              		.cfi_offset 14, -4
  54:Src/stm32f4xx_it.c ****   /* USER CODE BEGIN SysTick_IRQn 0 */
  55:Src/stm32f4xx_it.c **** 
  56:Src/stm32f4xx_it.c ****   /* USER CODE END SysTick_IRQn 0 */
  57:Src/stm32f4xx_it.c ****   HAL_IncTick();
  37              		.loc 1 57 0
  38 0002 FFF7FEFF 		bl	HAL_IncTick
  39              	.LVL0:
  58:Src/stm32f4xx_it.c ****   HAL_SYSTICK_IRQHandler();
  40              		.loc 1 58 0
  41 0006 FFF7FEFF 		bl	HAL_SYSTICK_IRQHandler
  42              	.LVL1:
  59:Src/stm32f4xx_it.c ****   /* USER CODE BEGIN SysTick_IRQn 1 */
  60:Src/stm32f4xx_it.c **** 
  61:Src/stm32f4xx_it.c ****   /* USER CODE END SysTick_IRQn 1 */
  62:Src/stm32f4xx_it.c **** }
  43              		.loc 1 62 0
  44 000a 08BD     		pop	{r3, pc}
  45              		.cfi_endproc
  46              	.LFE126:
  48              		.section	.text.OTG_HS_IRQHandler,"ax",%progbits
  49              		.align	1
  50              		.global	OTG_HS_IRQHandler
  51              		.syntax unified
  52              		.thumb
  53              		.thumb_func
  54              		.fpu fpv4-sp-d16
ARM GAS  C:\Users\ZHENGY~1\AppData\Local\Temp\cc4vT9Jx.s 			page 3


  56              	OTG_HS_IRQHandler:
  57              	.LFB127:
  63:Src/stm32f4xx_it.c **** 
  64:Src/stm32f4xx_it.c **** /******************************************************************************/
  65:Src/stm32f4xx_it.c **** /* STM32F4xx Peripheral Interrupt Handlers                                    */
  66:Src/stm32f4xx_it.c **** /* Add here the Interrupt Handlers for the used peripherals.                  */
  67:Src/stm32f4xx_it.c **** /* For the available peripheral interrupt handler names,                      */
  68:Src/stm32f4xx_it.c **** /* please refer to the startup file (startup_stm32f4xx.s).                    */
  69:Src/stm32f4xx_it.c **** /******************************************************************************/
  70:Src/stm32f4xx_it.c **** 
  71:Src/stm32f4xx_it.c **** /**
  72:Src/stm32f4xx_it.c **** * @brief This function handles USB On The Go HS global interrupt.
  73:Src/stm32f4xx_it.c **** */
  74:Src/stm32f4xx_it.c **** void OTG_HS_IRQHandler(void)
  75:Src/stm32f4xx_it.c **** {
  58              		.loc 1 75 0
  59              		.cfi_startproc
  60              		@ args = 0, pretend = 0, frame = 0
  61              		@ frame_needed = 0, uses_anonymous_args = 0
  62 0000 08B5     		push	{r3, lr}
  63              	.LCFI1:
  64              		.cfi_def_cfa_offset 8
  65              		.cfi_offset 3, -8
  66              		.cfi_offset 14, -4
  76:Src/stm32f4xx_it.c ****   /* USER CODE BEGIN OTG_HS_IRQn 0 */
  77:Src/stm32f4xx_it.c **** 
  78:Src/stm32f4xx_it.c ****   /* USER CODE END OTG_HS_IRQn 0 */
  79:Src/stm32f4xx_it.c ****   HAL_PCD_IRQHandler(&hpcd_USB_OTG_HS);
  67              		.loc 1 79 0
  68 0002 0248     		ldr	r0, .L5
  69 0004 FFF7FEFF 		bl	HAL_PCD_IRQHandler
  70              	.LVL2:
  80:Src/stm32f4xx_it.c ****   /* USER CODE BEGIN OTG_HS_IRQn 1 */
  81:Src/stm32f4xx_it.c **** 
  82:Src/stm32f4xx_it.c ****   /* USER CODE END OTG_HS_IRQn 1 */
  83:Src/stm32f4xx_it.c **** }
  71              		.loc 1 83 0
  72 0008 08BD     		pop	{r3, pc}
  73              	.L6:
  74 000a 00BF     		.align	2
  75              	.L5:
  76 000c 00000000 		.word	hpcd_USB_OTG_HS
  77              		.cfi_endproc
  78              	.LFE127:
  80              		.text
  81              	.Letext0:
  82              		.file 2 "d:\\gnu tools arm embedded\\7 2017-q4-major\\arm-none-eabi\\include\\machine\\_default_ty
  83              		.file 3 "d:\\gnu tools arm embedded\\7 2017-q4-major\\arm-none-eabi\\include\\sys\\_stdint.h"
  84              		.file 4 "Drivers/CMSIS/Include/core_cm4.h"
  85              		.file 5 "Drivers/CMSIS/Device/ST/STM32F4xx/Include/system_stm32f4xx.h"
  86              		.file 6 "Drivers/CMSIS/Device/ST/STM32F4xx/Include/stm32f429xx.h"
  87              		.file 7 "d:\\gnu tools arm embedded\\7 2017-q4-major\\arm-none-eabi\\include\\sys\\lock.h"
  88              		.file 8 "d:\\gnu tools arm embedded\\7 2017-q4-major\\arm-none-eabi\\include\\sys\\_types.h"
  89              		.file 9 "d:\\gnu tools arm embedded\\7 2017-q4-major\\lib\\gcc\\arm-none-eabi\\7.2.1\\include\\std
  90              		.file 10 "d:\\gnu tools arm embedded\\7 2017-q4-major\\arm-none-eabi\\include\\sys\\reent.h"
  91              		.file 11 "Drivers/STM32F4xx_HAL_Driver/Inc/stm32f4xx_hal_def.h"
  92              		.file 12 "Drivers/STM32F4xx_HAL_Driver/Inc/stm32f4xx_ll_usb.h"
ARM GAS  C:\Users\ZHENGY~1\AppData\Local\Temp\cc4vT9Jx.s 			page 4


  93              		.file 13 "Drivers/STM32F4xx_HAL_Driver/Inc/stm32f4xx_hal_pcd.h"
  94              		.file 14 "Drivers/STM32F4xx_HAL_Driver/Inc/stm32f4xx_hal.h"
  95              		.file 15 "Drivers/STM32F4xx_HAL_Driver/Inc/stm32f4xx_hal_cortex.h"
ARM GAS  C:\Users\ZHENGY~1\AppData\Local\Temp\cc4vT9Jx.s 			page 5


DEFINED SYMBOLS
                            *ABS*:00000000 stm32f4xx_it.c
C:\Users\ZHENGY~1\AppData\Local\Temp\cc4vT9Jx.s:18     .text.SysTick_Handler:00000000 $t
C:\Users\ZHENGY~1\AppData\Local\Temp\cc4vT9Jx.s:25     .text.SysTick_Handler:00000000 SysTick_Handler
C:\Users\ZHENGY~1\AppData\Local\Temp\cc4vT9Jx.s:49     .text.OTG_HS_IRQHandler:00000000 $t
C:\Users\ZHENGY~1\AppData\Local\Temp\cc4vT9Jx.s:56     .text.OTG_HS_IRQHandler:00000000 OTG_HS_IRQHandler
C:\Users\ZHENGY~1\AppData\Local\Temp\cc4vT9Jx.s:76     .text.OTG_HS_IRQHandler:0000000c $d

UNDEFINED SYMBOLS
HAL_IncTick
HAL_SYSTICK_IRQHandler
HAL_PCD_IRQHandler
hpcd_USB_OTG_HS
