ARM GAS  C:\Users\ZHENGY~1\AppData\Local\Temp\cca8KqxG.s 			page 1


   1              		.cpu cortex-m4
   2              		.eabi_attribute 27, 1
   3              		.eabi_attribute 28, 1
   4              		.eabi_attribute 20, 1
   5              		.eabi_attribute 21, 1
   6              		.eabi_attribute 23, 3
   7              		.eabi_attribute 24, 1
   8              		.eabi_attribute 25, 1
   9              		.eabi_attribute 26, 1
  10              		.eabi_attribute 30, 1
  11              		.eabi_attribute 34, 1
  12              		.eabi_attribute 18, 4
  13              		.file	"usb_device.c"
  14              		.text
  15              	.Ltext0:
  16              		.cfi_sections	.debug_frame
  17              		.section	.text.MX_USB_DEVICE_Init,"ax",%progbits
  18              		.align	1
  19              		.global	MX_USB_DEVICE_Init
  20              		.syntax unified
  21              		.thumb
  22              		.thumb_func
  23              		.fpu fpv4-sp-d16
  25              	MX_USB_DEVICE_Init:
  26              	.LFB126:
  27              		.file 1 "Src/usb_device.c"
   1:Src/usb_device.c **** /**
   2:Src/usb_device.c ****   ******************************************************************************
   3:Src/usb_device.c ****   * @file           : USB_DEVICE  
   4:Src/usb_device.c ****   * @version        : v1.0_Cube
   5:Src/usb_device.c ****   * @brief          : This file implements the USB Device 
   6:Src/usb_device.c ****   ******************************************************************************
   7:Src/usb_device.c ****   * This notice applies to any and all portions of this file
   8:Src/usb_device.c ****   * that are not between comment pairs USER CODE BEGIN and
   9:Src/usb_device.c ****   * USER CODE END. Other portions of this file, whether 
  10:Src/usb_device.c ****   * inserted by the user or by software development tools
  11:Src/usb_device.c ****   * are owned by their respective copyright owners.
  12:Src/usb_device.c ****   *
  13:Src/usb_device.c ****   * Copyright (c) 2017 STMicroelectronics International N.V. 
  14:Src/usb_device.c ****   * All rights reserved.
  15:Src/usb_device.c ****   *
  16:Src/usb_device.c ****   * Redistribution and use in source and binary forms, with or without 
  17:Src/usb_device.c ****   * modification, are permitted, provided that the following conditions are met:
  18:Src/usb_device.c ****   *
  19:Src/usb_device.c ****   * 1. Redistribution of source code must retain the above copyright notice, 
  20:Src/usb_device.c ****   *    this list of conditions and the following disclaimer.
  21:Src/usb_device.c ****   * 2. Redistributions in binary form must reproduce the above copyright notice,
  22:Src/usb_device.c ****   *    this list of conditions and the following disclaimer in the documentation
  23:Src/usb_device.c ****   *    and/or other materials provided with the distribution.
  24:Src/usb_device.c ****   * 3. Neither the name of STMicroelectronics nor the names of other 
  25:Src/usb_device.c ****   *    contributors to this software may be used to endorse or promote products 
  26:Src/usb_device.c ****   *    derived from this software without specific written permission.
  27:Src/usb_device.c ****   * 4. This software, including modifications and/or derivative works of this 
  28:Src/usb_device.c ****   *    software, must execute solely and exclusively on microcontroller or
  29:Src/usb_device.c ****   *    microprocessor devices manufactured by or for STMicroelectronics.
  30:Src/usb_device.c ****   * 5. Redistribution and use of this software other than as permitted under 
  31:Src/usb_device.c ****   *    this license is void and will automatically terminate your rights under 
ARM GAS  C:\Users\ZHENGY~1\AppData\Local\Temp\cca8KqxG.s 			page 2


  32:Src/usb_device.c ****   *    this license. 
  33:Src/usb_device.c ****   *
  34:Src/usb_device.c ****   * THIS SOFTWARE IS PROVIDED BY STMICROELECTRONICS AND CONTRIBUTORS "AS IS" 
  35:Src/usb_device.c ****   * AND ANY EXPRESS, IMPLIED OR STATUTORY WARRANTIES, INCLUDING, BUT NOT 
  36:Src/usb_device.c ****   * LIMITED TO, THE IMPLIED WARRANTIES OF MERCHANTABILITY, FITNESS FOR A 
  37:Src/usb_device.c ****   * PARTICULAR PURPOSE AND NON-INFRINGEMENT OF THIRD PARTY INTELLECTUAL PROPERTY
  38:Src/usb_device.c ****   * RIGHTS ARE DISCLAIMED TO THE FULLEST EXTENT PERMITTED BY LAW. IN NO EVENT 
  39:Src/usb_device.c ****   * SHALL STMICROELECTRONICS OR CONTRIBUTORS BE LIABLE FOR ANY DIRECT, INDIRECT,
  40:Src/usb_device.c ****   * INCIDENTAL, SPECIAL, EXEMPLARY, OR CONSEQUENTIAL DAMAGES (INCLUDING, BUT NOT
  41:Src/usb_device.c ****   * LIMITED TO, PROCUREMENT OF SUBSTITUTE GOODS OR SERVICES; LOSS OF USE, DATA, 
  42:Src/usb_device.c ****   * OR PROFITS; OR BUSINESS INTERRUPTION) HOWEVER CAUSED AND ON ANY THEORY OF 
  43:Src/usb_device.c ****   * LIABILITY, WHETHER IN CONTRACT, STRICT LIABILITY, OR TORT (INCLUDING 
  44:Src/usb_device.c ****   * NEGLIGENCE OR OTHERWISE) ARISING IN ANY WAY OUT OF THE USE OF THIS SOFTWARE,
  45:Src/usb_device.c ****   * EVEN IF ADVISED OF THE POSSIBILITY OF SUCH DAMAGE.
  46:Src/usb_device.c ****   *
  47:Src/usb_device.c ****   ******************************************************************************
  48:Src/usb_device.c **** */
  49:Src/usb_device.c **** 
  50:Src/usb_device.c **** /* Includes ------------------------------------------------------------------*/
  51:Src/usb_device.c **** 
  52:Src/usb_device.c **** #include "usb_device.h"
  53:Src/usb_device.c **** #include "usbd_core.h"
  54:Src/usb_device.c **** #include "usbd_desc.h"
  55:Src/usb_device.c **** #include "usbd_dfu.h"
  56:Src/usb_device.c **** #include "usbd_dfu_if.h"
  57:Src/usb_device.c **** 
  58:Src/usb_device.c **** /* USB Device Core handle declaration */
  59:Src/usb_device.c **** USBD_HandleTypeDef hUsbDeviceHS;
  60:Src/usb_device.c **** 
  61:Src/usb_device.c **** /* init function */                                        
  62:Src/usb_device.c **** void MX_USB_DEVICE_Init(void)
  63:Src/usb_device.c **** {
  28              		.loc 1 63 0
  29              		.cfi_startproc
  30              		@ args = 0, pretend = 0, frame = 0
  31              		@ frame_needed = 0, uses_anonymous_args = 0
  32 0000 10B5     		push	{r4, lr}
  33              	.LCFI0:
  34              		.cfi_def_cfa_offset 8
  35              		.cfi_offset 4, -8
  36              		.cfi_offset 14, -4
  64:Src/usb_device.c ****   /* USER CODE BEGIN USB_DEVICE_Init_PreTreatment */
  65:Src/usb_device.c ****   
  66:Src/usb_device.c ****   /* USER CODE END USB_DEVICE_Init_PreTreatment */
  67:Src/usb_device.c ****   
  68:Src/usb_device.c ****   /* Init Device Library,Add Supported Class and Start the library*/
  69:Src/usb_device.c ****   USBD_Init(&hUsbDeviceHS, &HS_Desc, DEVICE_HS);
  37              		.loc 1 69 0
  38 0002 094C     		ldr	r4, .L3
  39 0004 0122     		movs	r2, #1
  40 0006 0949     		ldr	r1, .L3+4
  41 0008 2046     		mov	r0, r4
  42 000a FFF7FEFF 		bl	USBD_Init
  43              	.LVL0:
  70:Src/usb_device.c **** 
  71:Src/usb_device.c ****   USBD_RegisterClass(&hUsbDeviceHS, &USBD_DFU);
  44              		.loc 1 71 0
ARM GAS  C:\Users\ZHENGY~1\AppData\Local\Temp\cca8KqxG.s 			page 3


  45 000e 0849     		ldr	r1, .L3+8
  46 0010 2046     		mov	r0, r4
  47 0012 FFF7FEFF 		bl	USBD_RegisterClass
  48              	.LVL1:
  72:Src/usb_device.c **** 
  73:Src/usb_device.c ****   USBD_DFU_RegisterMedia(&hUsbDeviceHS, &USBD_DFU_fops_HS);
  49              		.loc 1 73 0
  50 0016 0749     		ldr	r1, .L3+12
  51 0018 2046     		mov	r0, r4
  52 001a FFF7FEFF 		bl	USBD_DFU_RegisterMedia
  53              	.LVL2:
  74:Src/usb_device.c **** 
  75:Src/usb_device.c ****   USBD_Start(&hUsbDeviceHS);
  54              		.loc 1 75 0
  55 001e 2046     		mov	r0, r4
  56 0020 FFF7FEFF 		bl	USBD_Start
  57              	.LVL3:
  76:Src/usb_device.c **** 
  77:Src/usb_device.c ****   /* USER CODE BEGIN USB_DEVICE_Init_PostTreatment */
  78:Src/usb_device.c ****   
  79:Src/usb_device.c ****   /* USER CODE END USB_DEVICE_Init_PostTreatment */
  80:Src/usb_device.c **** }
  58              		.loc 1 80 0
  59 0024 10BD     		pop	{r4, pc}
  60              	.L4:
  61 0026 00BF     		.align	2
  62              	.L3:
  63 0028 00000000 		.word	hUsbDeviceHS
  64 002c 00000000 		.word	HS_Desc
  65 0030 00000000 		.word	USBD_DFU
  66 0034 00000000 		.word	USBD_DFU_fops_HS
  67              		.cfi_endproc
  68              	.LFE126:
  70              		.comm	hUsbDeviceHS,548,4
  71              		.text
  72              	.Letext0:
  73              		.file 2 "d:\\gnu tools arm embedded\\7 2017-q4-major\\arm-none-eabi\\include\\machine\\_default_ty
  74              		.file 3 "d:\\gnu tools arm embedded\\7 2017-q4-major\\arm-none-eabi\\include\\sys\\_stdint.h"
  75              		.file 4 "Drivers/CMSIS/Include/core_cm4.h"
  76              		.file 5 "Drivers/CMSIS/Device/ST/STM32F4xx/Include/system_stm32f4xx.h"
  77              		.file 6 "d:\\gnu tools arm embedded\\7 2017-q4-major\\arm-none-eabi\\include\\sys\\lock.h"
  78              		.file 7 "d:\\gnu tools arm embedded\\7 2017-q4-major\\arm-none-eabi\\include\\sys\\_types.h"
  79              		.file 8 "d:\\gnu tools arm embedded\\7 2017-q4-major\\lib\\gcc\\arm-none-eabi\\7.2.1\\include\\std
  80              		.file 9 "d:\\gnu tools arm embedded\\7 2017-q4-major\\arm-none-eabi\\include\\sys\\reent.h"
  81              		.file 10 "d:\\gnu tools arm embedded\\7 2017-q4-major\\arm-none-eabi\\include\\stdlib.h"
  82              		.file 11 "Middlewares/ST/STM32_USB_Device_Library/Core/Inc/usbd_def.h"
  83              		.file 12 "Inc/usb_device.h"
  84              		.file 13 "Inc/usbd_desc.h"
  85              		.file 14 "Middlewares/ST/STM32_USB_Device_Library/Class/DFU/Inc/usbd_dfu.h"
  86              		.file 15 "Inc/usbd_dfu_if.h"
  87              		.file 16 "Middlewares/ST/STM32_USB_Device_Library/Core/Inc/usbd_core.h"
ARM GAS  C:\Users\ZHENGY~1\AppData\Local\Temp\cca8KqxG.s 			page 4


DEFINED SYMBOLS
                            *ABS*:00000000 usb_device.c
C:\Users\ZHENGY~1\AppData\Local\Temp\cca8KqxG.s:18     .text.MX_USB_DEVICE_Init:00000000 $t
C:\Users\ZHENGY~1\AppData\Local\Temp\cca8KqxG.s:25     .text.MX_USB_DEVICE_Init:00000000 MX_USB_DEVICE_Init
C:\Users\ZHENGY~1\AppData\Local\Temp\cca8KqxG.s:63     .text.MX_USB_DEVICE_Init:00000028 $d
                            *COM*:00000224 hUsbDeviceHS

UNDEFINED SYMBOLS
USBD_Init
USBD_RegisterClass
USBD_DFU_RegisterMedia
USBD_Start
HS_Desc
USBD_DFU
USBD_DFU_fops_HS
